
**** Build of configuration Debug for project mic_test ****

"C:\\ti\\ccsv6\\utils\\bin\\gmake" -k all 
'Building file: ../main.c'
'Invoking: MSP430 Compiler'
"C:/ti/ccsv6/tools/compiler/ti-cgt-msp430_4.4.4/bin/cl430" -vmsp --abi=eabi --use_hw_mpy=none --include_path="C:/ti/ccsv6/ccs_base/msp430/include" --include_path="N:/EECS473/project/slaa290a/RTC Calendar/headers" --include_path="C:/ti/ccsv6/tools/compiler/ti-cgt-msp430_4.4.4/include" --advice:power="all" -g --define=__MSP430G2553__ --diag_warning=225 --display_error_number --diag_wrap=off --printf_support=minimal --preproc_with_compile --preproc_dependency="main.pp"  "../main.c"
"../main.c", line 71: remark #1538-D: (ULP 10.1) ISR Timer_A calls function update. Recommend moving function call away from ISR, or inlining the function, or using pragmas
"../main.c", line 81: remark #1538-D: (ULP 10.1) ISR Timer_A calls function update. Recommend moving function call away from ISR, or inlining the function, or using pragmas
"../main.c", line 89: remark #1538-D: (ULP 10.1) ISR Timer_A calls function update. Recommend moving function call away from ISR, or inlining the function, or using pragmas
"../main.c", line 127: remark #1538-D: (ULP 10.1) ISR Port_1 calls function update. Recommend moving function call away from ISR, or inlining the function, or using pragmas
'Finished building: ../main.c'
' '
'Building target: mic_test.out'
'Invoking: MSP430 Linker'
"C:/ti/ccsv6/tools/compiler/ti-cgt-msp430_4.4.4/bin/cl430" -vmsp --abi=eabi --use_hw_mpy=none --advice:power="all" -g --define=__MSP430G2553__ --diag_warning=225 --display_error_number --diag_wrap=off --printf_support=minimal -z -m"mic_test.map" --heap_size=80 --stack_size=80 -i"C:/ti/ccsv6/ccs_base/msp430/include" -i"C:/ti/ccsv6/tools/compiler/ti-cgt-msp430_4.4.4/lib" -i"C:/ti/ccsv6/tools/compiler/ti-cgt-msp430_4.4.4/include" --reread_libs --warn_sections --display_error_number --diag_wrap=off --xml_link_info="mic_test_linkInfo.xml" --use_hw_mpy=none --rom_model -o "mic_test.out" "./RTC.obj" "./RTC_TA.obj" "./main.obj" "../lnk_msp430g2553.cmd"  -l"libc.a" 
<Linking>
remark #10372-D: (ULP 4.1) Detected uninitialized Port 1 in this project. Recommend initializing all unused ports to eliminate wasted current consumption on unused pins.
remark #10372-D: (ULP 4.1) Detected uninitialized Port 3 in this project. Recommend initializing all unused ports to eliminate wasted current consumption on unused pins.
'Finished building target: mic_test.out'
' '

**** Build Finished ****

**** Build of configuration Debug for project mic_test ****

"C:\\ti\\ccsv6\\utils\\bin\\gmake" -k all 
gmake: Nothing to be done for `all'.

**** Build Finished ****
